Determining if the pthread_create exist failed with the following output:
Change Dir: /home/skye/MyTest/aa/muduoC++11/muduo/build/CMakeFiles/CMakeTmp

Run Build Command:"/usr/bin/make" "cmTC_451e4/fast"
/usr/bin/make -f CMakeFiles/cmTC_451e4.dir/build.make CMakeFiles/cmTC_451e4.dir/build
make[1]: 进入目录“/home/skye/MyTest/aa/muduoC++11/muduo/build/CMakeFiles/CMakeTmp”
Building C object CMakeFiles/cmTC_451e4.dir/CheckSymbolExists.c.o
/usr/bin/x86_64-linux-gnu-gcc-7    -o CMakeFiles/cmTC_451e4.dir/CheckSymbolExists.c.o   -c /home/skye/MyTest/aa/muduoC++11/muduo/build/CMakeFiles/CMakeTmp/CheckSymbolExists.c
Linking C executable cmTC_451e4
/usr/bin/cmake -E cmake_link_script CMakeFiles/cmTC_451e4.dir/link.txt --verbose=1
/usr/bin/x86_64-linux-gnu-gcc-7      -rdynamic CMakeFiles/cmTC_451e4.dir/CheckSymbolExists.c.o  -o cmTC_451e4 
CMakeFiles/cmTC_451e4.dir/CheckSymbolExists.c.o：在函数‘main’中：
CheckSymbolExists.c:(.text+0x1b)：对‘pthread_create’未定义的引用
collect2: error: ld returned 1 exit status
CMakeFiles/cmTC_451e4.dir/build.make:97: recipe for target 'cmTC_451e4' failed
make[1]: *** [cmTC_451e4] Error 1
make[1]: 离开目录“/home/skye/MyTest/aa/muduoC++11/muduo/build/CMakeFiles/CMakeTmp”
Makefile:126: recipe for target 'cmTC_451e4/fast' failed
make: *** [cmTC_451e4/fast] Error 2

File /home/skye/MyTest/aa/muduoC++11/muduo/build/CMakeFiles/CMakeTmp/CheckSymbolExists.c:
/* */
#include <pthread.h>

int main(int argc, char** argv)
{
  (void)argv;
#ifndef pthread_create
  return ((int*)(&pthread_create))[argc];
#else
  (void)argc;
  return 0;
#endif
}

Determining if the function pthread_create exists in the pthreads failed with the following output:
Change Dir: /home/skye/MyTest/aa/muduoC++11/muduo/build/CMakeFiles/CMakeTmp

Run Build Command:"/usr/bin/make" "cmTC_f4c7d/fast"
/usr/bin/make -f CMakeFiles/cmTC_f4c7d.dir/build.make CMakeFiles/cmTC_f4c7d.dir/build
make[1]: 进入目录“/home/skye/MyTest/aa/muduoC++11/muduo/build/CMakeFiles/CMakeTmp”
Building C object CMakeFiles/cmTC_f4c7d.dir/CheckFunctionExists.c.o
/usr/bin/x86_64-linux-gnu-gcc-7   -DCHECK_FUNCTION_EXISTS=pthread_create   -o CMakeFiles/cmTC_f4c7d.dir/CheckFunctionExists.c.o   -c /usr/share/cmake-3.10/Modules/CheckFunctionExists.c
Linking C executable cmTC_f4c7d
/usr/bin/cmake -E cmake_link_script CMakeFiles/cmTC_f4c7d.dir/link.txt --verbose=1
/usr/bin/x86_64-linux-gnu-gcc-7  -DCHECK_FUNCTION_EXISTS=pthread_create    -rdynamic CMakeFiles/cmTC_f4c7d.dir/CheckFunctionExists.c.o  -o cmTC_f4c7d -lpthreads 
/usr/bin/ld: 找不到 -lpthreads
collect2: error: ld returned 1 exit status
CMakeFiles/cmTC_f4c7d.dir/build.make:97: recipe for target 'cmTC_f4c7d' failed
make[1]: *** [cmTC_f4c7d] Error 1
make[1]: 离开目录“/home/skye/MyTest/aa/muduoC++11/muduo/build/CMakeFiles/CMakeTmp”
Makefile:126: recipe for target 'cmTC_f4c7d/fast' failed
make: *** [cmTC_f4c7d/fast] Error 2


